<?xml version="1.0" encoding="UTF-8"?>
<!-- Generated by org.testng.reporters.JUnitReportReporter -->
<testsuite skipped="0" hostname="ZULU" name="Girish.OSS.testcases.POM_PM_TC" tests="1" failures="0" timestamp="2019-12-07T10:22:36 IST" time="35.639" errors="0">
  <testcase name="verSCDrop" time="35.639" classname="Girish.OSS.testcases.POM_PM_TC"/>
</testsuite> <!-- Girish.OSS.testcases.POM_PM_TC -->
