<?xml version="1.0" encoding="UTF-8"?>
<!-- Generated by org.testng.reporters.JUnitReportReporter -->
<testsuite skipped="0" hostname="ZULU" name="Girish.OSS.testcases.POMTestListner" tests="1" failures="0" timestamp="2019-12-04T19:23:26 IST" time="1025.297" errors="0">
  <testcase name="verifyLogin" time="1025.297" classname="Girish.OSS.testcases.POMTestListner"/>
</testsuite> <!-- Girish.OSS.testcases.POMTestListner -->
