<?xml version="1.0" encoding="UTF-8"?>
<!-- Generated by org.testng.reporters.JUnitReportReporter -->
<testsuite skipped="0" hostname="ZULU" name="Girish.OSS.testcases.POMTest" tests="1" failures="0" timestamp="2019-12-06T10:13:23 IST" time="1146.342" errors="0">
  <testcase name="verifyLogin" time="1146.342" classname="Girish.OSS.testcases.POMTest"/>
</testsuite> <!-- Girish.OSS.testcases.POMTest -->
