<?xml version="1.0" encoding="UTF-8"?>
<!-- Generated by org.testng.reporters.JUnitReportReporter -->
<testsuite skipped="0" hostname="ZULU" name="logprogs.LogsByLog4j" tests="1" failures="0" timestamp="2019-12-01T23:57:01 IST" time="10.972" errors="0">
  <testcase name="orangeLogin" time="10.972" classname="logprogs.LogsByLog4j"/>
</testsuite> <!-- logprogs.LogsByLog4j -->
